13:59:13.685 [main] DEBUG api.test.UserTests - debugging.....
13:59:13.699 [main] INFO  api.test.UserTests - ********** Creating user  ***************
13:59:15.343 [main] INFO  api.test.UserTests - **********User is creatged  ***************
13:59:15.353 [main] INFO  api.test.UserTests - ********** Reading User Info ***************
13:59:15.962 [main] INFO  api.test.UserTests - **********User info  is displayed ***************
13:59:15.969 [main] INFO  api.test.UserTests - ********** Updating User ***************
13:59:16.565 [main] INFO  api.test.UserTests - ********** User updated ***************
13:59:17.151 [main] INFO  api.test.UserTests - **********   Deleting User  ***************
13:59:17.727 [main] INFO  api.test.UserTests - ********** User deleted ***************
14:48:03.665 [main] DEBUG api.test.UserTests - debugging.....
14:48:03.673 [main] INFO  api.test.UserTests - ********** Creating user  ***************
14:48:05.321 [main] INFO  api.test.UserTests - **********User is creatged  ***************
14:48:05.327 [main] INFO  api.test.UserTests - ********** Reading User Info ***************
14:48:05.924 [main] INFO  api.test.UserTests - **********User info  is displayed ***************
14:48:05.928 [main] INFO  api.test.UserTests - ********** Updating User ***************
14:48:06.539 [main] INFO  api.test.UserTests - ********** User updated ***************
14:48:07.149 [main] INFO  api.test.UserTests - **********   Deleting User  ***************
14:48:07.774 [main] INFO  api.test.UserTests - ********** User deleted ***************
10:10:56.916 [main] DEBUG api.test.UserTests - debugging.....
10:10:56.923 [main] INFO  api.test.UserTests - ********** Creating user  ***************
10:10:58.550 [main] INFO  api.test.UserTests - **********User is creatged  ***************
10:10:58.556 [main] INFO  api.test.UserTests - ********** Reading User Info ***************
10:10:59.141 [main] INFO  api.test.UserTests - **********User info  is displayed ***************
10:10:59.145 [main] INFO  api.test.UserTests - ********** Updating User ***************
10:10:59.730 [main] INFO  api.test.UserTests - ********** User updated ***************
10:11:00.303 [main] INFO  api.test.UserTests - **********   Deleting User  ***************
10:11:00.869 [main] INFO  api.test.UserTests - ********** User deleted ***************
10:15:41.294 [main] DEBUG api.test.UserTests - debugging.....
10:15:41.304 [main] INFO  api.test.UserTests - ********** Creating user  ***************
10:15:42.878 [main] INFO  api.test.UserTests - **********User is creatged  ***************
10:15:42.885 [main] INFO  api.test.UserTests - ********** Reading User Info ***************
10:15:43.465 [main] INFO  api.test.UserTests - **********User info  is displayed ***************
10:15:43.468 [main] INFO  api.test.UserTests - ********** Updating User ***************
10:15:44.052 [main] INFO  api.test.UserTests - ********** User updated ***************
10:15:44.629 [main] INFO  api.test.UserTests - **********   Deleting User  ***************
10:15:45.193 [main] INFO  api.test.UserTests - ********** User deleted ***************
10:52:01.510 [main] DEBUG api.test.UserTests - debugging.....
10:52:01.517 [main] INFO  api.test.UserTests - ********** Creating user  ***************
10:52:03.039 [main] INFO  api.test.UserTests - **********User is creatged  ***************
10:52:03.045 [main] INFO  api.test.UserTests - ********** Reading User Info ***************
10:52:03.645 [main] INFO  api.test.UserTests - **********User info  is displayed ***************
10:52:03.648 [main] INFO  api.test.UserTests - ********** Updating User ***************
10:52:04.239 [main] INFO  api.test.UserTests - ********** User updated ***************
10:52:04.816 [main] INFO  api.test.UserTests - **********   Deleting User  ***************
10:52:05.417 [main] INFO  api.test.UserTests - ********** User deleted ***************
10:53:59.398 [main] DEBUG api.test.UserTests - debugging.....
10:53:59.405 [main] INFO  api.test.UserTests - ********** Creating user  ***************
10:54:02.107 [main] INFO  api.test.UserTests - **********User is creatged  ***************
10:54:02.113 [main] INFO  api.test.UserTests - ********** Reading User Info ***************
10:54:02.726 [main] INFO  api.test.UserTests - **********User info  is displayed ***************
10:54:02.730 [main] INFO  api.test.UserTests - ********** Updating User ***************
10:54:03.397 [main] INFO  api.test.UserTests - ********** User updated ***************
10:54:03.981 [main] INFO  api.test.UserTests - **********   Deleting User  ***************
10:54:04.564 [main] INFO  api.test.UserTests - ********** User deleted ***************
10:54:12.376 [main] DEBUG api.test.UserTests - debugging.....
10:54:12.383 [main] INFO  api.test.UserTests - ********** Creating user  ***************
10:54:13.935 [main] INFO  api.test.UserTests - **********User is creatged  ***************
10:54:13.941 [main] INFO  api.test.UserTests - ********** Reading User Info ***************
10:54:14.595 [main] INFO  api.test.UserTests - **********User info  is displayed ***************
10:54:14.598 [main] INFO  api.test.UserTests - ********** Updating User ***************
10:54:15.188 [main] INFO  api.test.UserTests - ********** User updated ***************
10:54:15.837 [main] INFO  api.test.UserTests - **********   Deleting User  ***************
10:54:16.441 [main] INFO  api.test.UserTests - ********** User deleted ***************
10:54:28.773 [main] DEBUG api.test.UserTests - debugging.....
10:54:28.780 [main] INFO  api.test.UserTests - ********** Creating user  ***************
10:54:30.255 [main] INFO  api.test.UserTests - **********User is creatged  ***************
10:54:30.261 [main] INFO  api.test.UserTests - ********** Reading User Info ***************
10:54:30.842 [main] INFO  api.test.UserTests - **********User info  is displayed ***************
10:54:30.845 [main] INFO  api.test.UserTests - ********** Updating User ***************
10:54:31.438 [main] INFO  api.test.UserTests - ********** User updated ***************
10:54:32.010 [main] INFO  api.test.UserTests - **********   Deleting User  ***************
10:54:32.579 [main] INFO  api.test.UserTests - ********** User deleted ***************
